<?xml version="1.0" encoding="UTF-8"?>
<!-- Generated by org.testng.reporters.JUnitReportReporter -->
<testsuite hostname="DESKTOP-I8JD5E6" failures="0" tests="4" name="com.javapoint.controller.UserControllerTest" time="2.777" errors="0" timestamp="2022-11-24T15:38:19 IST" skipped="0">
  <testcase classname="com.javapoint.controller.UserControllerTest" name="updateUser" time="0.237"/>
  <system-out/>
  <testcase classname="com.javapoint.controller.UserControllerTest" name="deleteUser" time="1.553"/>
  <system-out/>
  <testcase classname="com.javapoint.controller.UserControllerTest" name="addUser" time="0.963"/>
  <system-out/>
  <testcase classname="com.javapoint.controller.UserControllerTest" name="getUser" time="0.024"/>
  <system-out/>
</testsuite> <!-- com.javapoint.controller.UserControllerTest -->
