<?xml version="1.0" encoding="UTF-8"?>
<!-- Generated by org.testng.reporters.JUnitReportReporter -->
<testsuite hostname="DESKTOP-I8JD5E6" failures="0" tests="4" name="com.javapoint.controller.MovieControllerTest" time="0.492" errors="0" timestamp="2022-11-24T15:44:50 IST" skipped="0">
  <testcase classname="com.javapoint.controller.MovieControllerTest" name="updateMovie" time="0.039"/>
  <system-out/>
  <testcase classname="com.javapoint.controller.MovieControllerTest" name="deleteMovie" time="0.025"/>
  <system-out/>
  <testcase classname="com.javapoint.controller.MovieControllerTest" name="addMovie" time="0.418"/>
  <system-out/>
  <testcase classname="com.javapoint.controller.MovieControllerTest" name="getMovie" time="0.010"/>
  <system-out/>
</testsuite> <!-- com.javapoint.controller.MovieControllerTest -->
